<?xml version="1.0" encoding="UTF-8"?>
<testng-results skipped="0" failed="0" total="1" passed="1">
  <reporter-output>
  </reporter-output>
  <suite name="Default suite" duration-ms="1786" started-at="2015-07-27T08:46:39Z" finished-at="2015-07-27T08:46:41Z">
    <groups>
    </groups>
    <test name="Default test" duration-ms="1786" started-at="2015-07-27T08:46:39Z" finished-at="2015-07-27T08:46:41Z">
      <class name="myGeb.SampleTest">
        <test-method status="PASS" signature="myFunc()[pri:0, instance:myGeb.SampleTest@28586]" name="myFunc" duration-ms="1776" started-at="2015-07-27T14:16:39Z" finished-at="2015-07-27T14:16:41Z">
          <reporter-output>
          </reporter-output>
        </test-method> <!-- myFunc -->
      </class> <!-- myGeb.SampleTest -->
    </test> <!-- Default test -->
  </suite> <!-- Default suite -->
</testng-results>
